1544744254872	mozrunner::runner	INFO	Running command: "/Applications/Firefox.app/Contents/MacOS/firefox-bin" "-marionette" "-foreground" "-no-remote" "-profile" "/var/folders/cs/xp2w0wks1k58xckkb01hw33c0000gn/T/rust_mozprofile.FjgbBXwNaC58"
1544744262099	Marionette	INFO	Listening on port 55276
1544744297595	mozrunner::runner	INFO	Running command: "/Applications/Firefox.app/Contents/MacOS/firefox-bin" "-marionette" "-foreground" "-no-remote" "-profile" "/var/folders/cs/xp2w0wks1k58xckkb01hw33c0000gn/T/rust_mozprofile.PTrkc28RNyX1"
1544744299872	Marionette	INFO	Listening on port 55488
1544744299976	Marionette	WARN	TLS certificate errors will be ignored for this session
1544744315496	Marionette	INFO	Stopped listening on port 55488
1544744317866	Marionette	INFO	Stopped listening on port 55276
1544744418841	mozrunner::runner	INFO	Running command: "/Applications/Firefox.app/Contents/MacOS/firefox-bin" "-marionette" "-foreground" "-no-remote" "-profile" "/var/folders/cs/xp2w0wks1k58xckkb01hw33c0000gn/T/rust_mozprofile.yoo29CWsQeGE"
1544744421096	Marionette	INFO	Listening on port 56124
1544744421145	Marionette	WARN	TLS certificate errors will be ignored for this session
1544744427173	Marionette	INFO	Stopped listening on port 56124
1544744595857	mozrunner::runner	INFO	Running command: "/Applications/Firefox.app/Contents/MacOS/firefox-bin" "-marionette" "-foreground" "-no-remote" "-profile" "/var/folders/cs/xp2w0wks1k58xckkb01hw33c0000gn/T/rust_mozprofile.yM4DmMQ5DG4P"
1544744598103	Marionette	INFO	Listening on port 56955
1544744598128	Marionette	WARN	TLS certificate errors will be ignored for this session
1544744602634	Marionette	INFO	Stopped listening on port 56955
1544744624291	mozrunner::runner	INFO	Running command: "/Applications/Firefox.app/Contents/MacOS/firefox-bin" "-marionette" "-foreground" "-no-remote" "-profile" "/var/folders/cs/xp2w0wks1k58xckkb01hw33c0000gn/T/rust_mozprofile.g3QWRL0zeizf"
1544744626695	Marionette	INFO	Listening on port 57122
1544744626765	Marionette	WARN	TLS certificate errors will be ignored for this session
1544744637074	Marionette	INFO	Stopped listening on port 57122
1544744680058	mozrunner::runner	INFO	Running command: "/Applications/Firefox.app/Contents/MacOS/firefox-bin" "-marionette" "-foreground" "-no-remote" "-profile" "/var/folders/cs/xp2w0wks1k58xckkb01hw33c0000gn/T/rust_mozprofile.XXzvubQJ1uug"
1544744682957	Marionette	INFO	Listening on port 57409
1544744683032	Marionette	WARN	TLS certificate errors will be ignored for this session
1544744702187	Marionette	INFO	Stopped listening on port 57409
1544744748807	mozrunner::runner	INFO	Running command: "/Applications/Firefox.app/Contents/MacOS/firefox-bin" "-marionette" "-foreground" "-no-remote" "-profile" "/var/folders/cs/xp2w0wks1k58xckkb01hw33c0000gn/T/rust_mozprofile.Wh6owO6HF2zP"
1544744751082	Marionette	INFO	Listening on port 57761
1544744751162	Marionette	WARN	TLS certificate errors will be ignored for this session
1544744760885	Marionette	INFO	Stopped listening on port 57761
1544744781154	mozrunner::runner	INFO	Running command: "/Applications/Firefox.app/Contents/MacOS/firefox-bin" "-marionette" "-foreground" "-no-remote" "-profile" "/var/folders/cs/xp2w0wks1k58xckkb01hw33c0000gn/T/rust_mozprofile.NVx60ZpGxAhE"
1544744783348	Marionette	INFO	Listening on port 57943
1544744783400	Marionette	WARN	TLS certificate errors will be ignored for this session
1544745026080	mozrunner::runner	INFO	Running command: "/Applications/Firefox.app/Contents/MacOS/firefox-bin" "-marionette" "-foreground" "-no-remote" "-profile" "/var/folders/cs/xp2w0wks1k58xckkb01hw33c0000gn/T/rust_mozprofile.uUfxu38XbPVq"
1544745028615	Marionette	INFO	Listening on port 59043
1544745028654	Marionette	WARN	TLS certificate errors will be ignored for this session
[GFX1-]: Receive IPC close with reason=AbnormalShutdown
[Child 8779, Chrome_ChildThread] WARNING: pipe error: Broken pipe: file /builds/worker/workspace/build/src/ipc/chromium/src/chrome/common/ipc_channel_posix.cc, line 729
1544745137002	mozrunner::runner	INFO	Running command: "/Applications/Firefox.app/Contents/MacOS/firefox-bin" "-marionette" "-foreground" "-no-remote" "-profile" "/var/folders/cs/xp2w0wks1k58xckkb01hw33c0000gn/T/rust_mozprofile.HE48974ZBA0i"
1544745139471	Marionette	INFO	Listening on port 59634
1544745139564	Marionette	WARN	TLS certificate errors will be ignored for this session
[GFX1-]: Receive IPC close with reason=AbnormalShutdown
[GFX1-]: Receive IPC close with reason=AbnormalShutdown
[GFX1-]: Receive IPC close with reason=AbnormalShutdown
1544745188294	mozrunner::runner	INFO	Running command: "/Applications/Firefox.app/Contents/MacOS/firefox-bin" "-marionette" "-foreground" "-no-remote" "-profile" "/var/folders/cs/xp2w0wks1k58xckkb01hw33c0000gn/T/rust_mozprofile.clf8LnVxrjS0"
1544745190648	Marionette	INFO	Listening on port 59912
1544745190776	Marionette	WARN	TLS certificate errors will be ignored for this session
1544745240908	mozrunner::runner	INFO	Running command: "/Applications/Firefox.app/Contents/MacOS/firefox-bin" "-marionette" "-foreground" "-no-remote" "-profile" "/var/folders/cs/xp2w0wks1k58xckkb01hw33c0000gn/T/rust_mozprofile.qQNtzX7cDcCN"
1544745243518	Marionette	INFO	Listening on port 60241
1544745243600	Marionette	WARN	TLS certificate errors will be ignored for this session
1544745377960	Marionette	INFO	Stopped listening on port 59912
1544745380774	Marionette	INFO	Stopped listening on port 60241
1544746102800	mozrunner::runner	INFO	Running command: "/Applications/Firefox.app/Contents/MacOS/firefox-bin" "-marionette" "-foreground" "-no-remote" "-profile" "/var/folders/cs/xp2w0wks1k58xckkb01hw33c0000gn/T/rust_mozprofile.kwlWLAWY858j"
1544746105201	Marionette	INFO	Listening on port 64117
1544746105295	Marionette	WARN	TLS certificate errors will be ignored for this session
1544746106401	mozrunner::runner	INFO	Running command: "/Applications/Firefox.app/Contents/MacOS/firefox-bin" "-marionette" "-foreground" "-no-remote" "-profile" "/var/folders/cs/xp2w0wks1k58xckkb01hw33c0000gn/T/rust_mozprofile.PRIvSXMFlRvf"
1544746108746	Marionette	INFO	Listening on port 64183
1544746108777	Marionette	WARN	TLS certificate errors will be ignored for this session
1544746115208	Marionette	INFO	Stopped listening on port 64117
1544746125192	Marionette	INFO	Stopped listening on port 64183
1544746207209	mozrunner::runner	INFO	Running command: "/Applications/Firefox.app/Contents/MacOS/firefox-bin" "-marionette" "-foreground" "-no-remote" "-profile" "/var/folders/cs/xp2w0wks1k58xckkb01hw33c0000gn/T/rust_mozprofile.efCW5HPrmqmz"
1544746210663	Marionette	INFO	Listening on port 64662
1544746210728	Marionette	WARN	TLS certificate errors will be ignored for this session
1544746211856	mozrunner::runner	INFO	Running command: "/Applications/Firefox.app/Contents/MacOS/firefox-bin" "-marionette" "-foreground" "-no-remote" "-profile" "/var/folders/cs/xp2w0wks1k58xckkb01hw33c0000gn/T/rust_mozprofile.Iwyij1b0ea1O"
1544746214266	Marionette	INFO	Listening on port 64735
1544746214316	Marionette	WARN	TLS certificate errors will be ignored for this session
1544746219941	Marionette	INFO	Stopped listening on port 64735
1544746279546	Marionette	INFO	Stopped listening on port 64662
1544746355711	mozrunner::runner	INFO	Running command: "/Applications/Firefox.app/Contents/MacOS/firefox-bin" "-marionette" "-foreground" "-no-remote" "-profile" "/var/folders/cs/xp2w0wks1k58xckkb01hw33c0000gn/T/rust_mozprofile.GJ5AiMsVcjCv"
1544746358225	Marionette	INFO	Listening on port 65402
1544746358396	Marionette	WARN	TLS certificate errors will be ignored for this session
1544746359520	mozrunner::runner	INFO	Running command: "/Applications/Firefox.app/Contents/MacOS/firefox-bin" "-marionette" "-foreground" "-no-remote" "-profile" "/var/folders/cs/xp2w0wks1k58xckkb01hw33c0000gn/T/rust_mozprofile.5fqjJ6ExB0n7"
1544746361938	Marionette	INFO	Listening on port 65468
1544746362042	Marionette	WARN	TLS certificate errors will be ignored for this session
JavaScript warning: https://www.googletagmanager.com/gtag/js?id=UA-1975883-17, line 87: unreachable code after return statement
JavaScript warning: https://www.googletagmanager.com/gtag/js?id=UA-1975883-17, line 147: unreachable code after return statement
JavaScript warning: https://www.googletagmanager.com/gtag/js?id=UA-1975883-17, line 147: unreachable code after return statement
JavaScript warning: https://www.googletagmanager.com/gtag/js?id=UA-1975883-17, line 147: unreachable code after return statement
JavaScript warning: https://www.googletagmanager.com/gtag/js?id=UA-1975883-17, line 87: unreachable code after return statement
JavaScript warning: https://www.googletagmanager.com/gtag/js?id=UA-1975883-17, line 147: unreachable code after return statement
console.error: BroadcastService: 
  receivedBroadcastMessage: handler for
  remote-settings/monitor_changes
  threw error:
  Message: Error: Polling for changes failed: NetworkError when attempting to fetch resource..
  Stack:
    remoteSettingsFunction/remoteSettings.pollChanges@resource://services-settings/remote-settings.js:721:13

console.error: BroadcastService: 
  receivedBroadcastMessage: handler for
  remote-settings/monitor_changes
  threw error:
  Message: Error: Polling for changes failed: NetworkError when attempting to fetch resource..
  Stack:
    remoteSettingsFunction/remoteSettings.pollChanges@resource://services-settings/remote-settings.js:721:13

1544746452099	mozrunner::runner	INFO	Running command: "/Applications/Firefox.app/Contents/MacOS/firefox-bin" "-marionette" "-foreground" "-no-remote" "-profile" "/var/folders/cs/xp2w0wks1k58xckkb01hw33c0000gn/T/rust_mozprofile.T5CzJpskQpuT"
1544746454993	Marionette	INFO	Listening on port 49567
1544746455041	Marionette	WARN	TLS certificate errors will be ignored for this session
1544746456188	mozrunner::runner	INFO	Running command: "/Applications/Firefox.app/Contents/MacOS/firefox-bin" "-marionette" "-foreground" "-no-remote" "-profile" "/var/folders/cs/xp2w0wks1k58xckkb01hw33c0000gn/T/rust_mozprofile.pGSVYz2rjBx4"
1544746459756	Marionette	INFO	Listening on port 49633
1544746459825	Marionette	WARN	TLS certificate errors will be ignored for this session
JavaScript warning: https://www.googletagmanager.com/gtag/js?id=UA-1975883-17, line 87: unreachable code after return statement
JavaScript warning: https://www.googletagmanager.com/gtag/js?id=UA-1975883-17, line 147: unreachable code after return statement
JavaScript warning: https://www.googletagmanager.com/gtag/js?id=UA-1975883-17, line 147: unreachable code after return statement
JavaScript warning: https://www.googletagmanager.com/gtag/js?id=UA-1975883-17, line 147: unreachable code after return statement
JavaScript warning: https://www.googletagmanager.com/gtag/js?id=UA-1975883-17, line 87: unreachable code after return statement
JavaScript warning: https://www.googletagmanager.com/gtag/js?id=UA-1975883-17, line 147: unreachable code after return statement
console.error: BroadcastService: 
  receivedBroadcastMessage: handler for
  remote-settings/monitor_changes
  threw error:
  Message: Error: Polling for changes failed: NetworkError when attempting to fetch resource..
  Stack:
    remoteSettingsFunction/remoteSettings.pollChanges@resource://services-settings/remote-settings.js:721:13

JavaScript warning: https://www.googletagmanager.com/gtag/js?id=UA-1975883-17, line 87: unreachable code after return statement
JavaScript warning: https://www.googletagmanager.com/gtag/js?id=UA-1975883-17, line 147: unreachable code after return statement
JavaScript warning: https://www.googletagmanager.com/gtag/js?id=UA-1975883-17, line 147: unreachable code after return statement
JavaScript warning: https://www.googletagmanager.com/gtag/js?id=UA-1975883-17, line 147: unreachable code after return statement
JavaScript warning: https://www.googletagmanager.com/gtag/js?id=UA-1975883-17, line 87: unreachable code after return statement
JavaScript warning: https://www.googletagmanager.com/gtag/js?id=UA-1975883-17, line 147: unreachable code after return statement
1544746522197	mozrunner::runner	INFO	Running command: "/Applications/Firefox.app/Contents/MacOS/firefox-bin" "-marionette" "-foreground" "-no-remote" "-profile" "/var/folders/cs/xp2w0wks1k58xckkb01hw33c0000gn/T/rust_mozprofile.dxI8rO6Wqxvt"
1544746525099	Marionette	INFO	Listening on port 50024
1544746525226	Marionette	WARN	TLS certificate errors will be ignored for this session
1544746526334	mozrunner::runner	INFO	Running command: "/Applications/Firefox.app/Contents/MacOS/firefox-bin" "-marionette" "-foreground" "-no-remote" "-profile" "/var/folders/cs/xp2w0wks1k58xckkb01hw33c0000gn/T/rust_mozprofile.VibADM0qVuVb"
1544746528681	Marionette	INFO	Listening on port 50093
1544746528715	Marionette	WARN	TLS certificate errors will be ignored for this session
JavaScript warning: https://www.googletagmanager.com/gtag/js?id=UA-1975883-17, line 87: unreachable code after return statement
JavaScript warning: https://www.googletagmanager.com/gtag/js?id=UA-1975883-17, line 147: unreachable code after return statement
JavaScript warning: https://www.googletagmanager.com/gtag/js?id=UA-1975883-17, line 147: unreachable code after return statement
JavaScript warning: https://www.googletagmanager.com/gtag/js?id=UA-1975883-17, line 147: unreachable code after return statement
JavaScript warning: https://www.googletagmanager.com/gtag/js?id=UA-1975883-17, line 87: unreachable code after return statement
JavaScript warning: https://www.googletagmanager.com/gtag/js?id=UA-1975883-17, line 147: unreachable code after return statement
1544746540615	Marionette	INFO	Stopped listening on port 65468
1544746541094	Marionette	INFO	Stopped listening on port 50093
1544746551026	Marionette	INFO	Stopped listening on port 65402
1544746552802	Marionette	INFO	Stopped listening on port 49567
1544746554225	Marionette	INFO	Stopped listening on port 49633
1544746555587	Marionette	INFO	Stopped listening on port 50024
1544746745809	mozrunner::runner	INFO	Running command: "/Applications/Firefox.app/Contents/MacOS/firefox-bin" "-marionette" "-foreground" "-no-remote" "-profile" "/var/folders/cs/xp2w0wks1k58xckkb01hw33c0000gn/T/rust_mozprofile.PB1FqcrGG99v"
1544746748324	Marionette	INFO	Listening on port 51111
1544746748385	Marionette	WARN	TLS certificate errors will be ignored for this session
1544746749501	mozrunner::runner	INFO	Running command: "/Applications/Firefox.app/Contents/MacOS/firefox-bin" "-marionette" "-foreground" "-no-remote" "-profile" "/var/folders/cs/xp2w0wks1k58xckkb01hw33c0000gn/T/rust_mozprofile.yMdaorX7PvBI"
1544746751697	Marionette	INFO	Listening on port 51177
1544746751770	Marionette	WARN	TLS certificate errors will be ignored for this session
JavaScript warning: https://www.googletagmanager.com/gtag/js?id=UA-1975883-17, line 87: unreachable code after return statement
JavaScript warning: https://www.googletagmanager.com/gtag/js?id=UA-1975883-17, line 147: unreachable code after return statement
JavaScript warning: https://www.googletagmanager.com/gtag/js?id=UA-1975883-17, line 147: unreachable code after return statement
JavaScript warning: https://www.googletagmanager.com/gtag/js?id=UA-1975883-17, line 147: unreachable code after return statement
JavaScript warning: https://www.googletagmanager.com/gtag/js?id=UA-1975883-17, line 87: unreachable code after return statement
JavaScript warning: https://www.googletagmanager.com/gtag/js?id=UA-1975883-17, line 147: unreachable code after return statement
1544746765454	Marionette	INFO	Stopped listening on port 51177
console.error: BroadcastService: 
  receivedBroadcastMessage: handler for
  remote-settings/monitor_changes
  threw error:
  Message: Error: Polling for changes failed: NetworkError when attempting to fetch resource..
  Stack:
    remoteSettingsFunction/remoteSettings.pollChanges@resource://services-settings/remote-settings.js:721:13

1544746774865	Marionette	INFO	Stopped listening on port 51111
1544746835658	mozrunner::runner	INFO	Running command: "/Applications/Firefox.app/Contents/MacOS/firefox-bin" "-marionette" "-foreground" "-no-remote" "-profile" "/var/folders/cs/xp2w0wks1k58xckkb01hw33c0000gn/T/rust_mozprofile.U7sLa5HVct8c"
1544746837976	Marionette	INFO	Listening on port 51640
1544746838042	Marionette	WARN	TLS certificate errors will be ignored for this session
1544746839158	mozrunner::runner	INFO	Running command: "/Applications/Firefox.app/Contents/MacOS/firefox-bin" "-marionette" "-foreground" "-no-remote" "-profile" "/var/folders/cs/xp2w0wks1k58xckkb01hw33c0000gn/T/rust_mozprofile.KKDAqw35aie9"
1544746841487	Marionette	INFO	Listening on port 51699
1544746841545	Marionette	WARN	TLS certificate errors will be ignored for this session
JavaScript warning: https://www.googletagmanager.com/gtag/js?id=UA-1975883-17, line 87: unreachable code after return statement
JavaScript warning: https://www.googletagmanager.com/gtag/js?id=UA-1975883-17, line 147: unreachable code after return statement
JavaScript warning: https://www.googletagmanager.com/gtag/js?id=UA-1975883-17, line 147: unreachable code after return statement
JavaScript warning: https://www.googletagmanager.com/gtag/js?id=UA-1975883-17, line 147: unreachable code after return statement
JavaScript warning: https://www.googletagmanager.com/gtag/js?id=UA-1975883-17, line 87: unreachable code after return statement
JavaScript warning: https://www.googletagmanager.com/gtag/js?id=UA-1975883-17, line 147: unreachable code after return statement
1544746855637	Marionette	INFO	Stopped listening on port 51699
1544746966138	mozrunner::runner	INFO	Running command: "/Applications/Firefox.app/Contents/MacOS/firefox-bin" "-marionette" "-foreground" "-no-remote" "-profile" "/var/folders/cs/xp2w0wks1k58xckkb01hw33c0000gn/T/rust_mozprofile.G7qmMIuhix3K"
1544746968379	Marionette	INFO	Listening on port 52327
1544746968428	Marionette	WARN	TLS certificate errors will be ignored for this session
1544746969532	mozrunner::runner	INFO	Running command: "/Applications/Firefox.app/Contents/MacOS/firefox-bin" "-marionette" "-foreground" "-no-remote" "-profile" "/var/folders/cs/xp2w0wks1k58xckkb01hw33c0000gn/T/rust_mozprofile.WlNVbYBGqa7g"
1544746971740	Marionette	INFO	Listening on port 52382
1544746971808	Marionette	WARN	TLS certificate errors will be ignored for this session
JavaScript warning: https://www.googletagmanager.com/gtag/js?id=UA-1975883-17, line 87: unreachable code after return statement
JavaScript warning: https://www.googletagmanager.com/gtag/js?id=UA-1975883-17, line 147: unreachable code after return statement
JavaScript warning: https://www.googletagmanager.com/gtag/js?id=UA-1975883-17, line 147: unreachable code after return statement
JavaScript warning: https://www.googletagmanager.com/gtag/js?id=UA-1975883-17, line 147: unreachable code after return statement
JavaScript warning: https://www.googletagmanager.com/gtag/js?id=UA-1975883-17, line 87: unreachable code after return statement
JavaScript warning: https://www.googletagmanager.com/gtag/js?id=UA-1975883-17, line 147: unreachable code after return statement
1544747022028	mozrunner::runner	INFO	Running command: "/Applications/Firefox.app/Contents/MacOS/firefox-bin" "-marionette" "-foreground" "-no-remote" "-profile" "/var/folders/cs/xp2w0wks1k58xckkb01hw33c0000gn/T/rust_mozprofile.ccMP7hxz1fMH"
1544747024743	Marionette	INFO	Listening on port 52694
1544747024809	Marionette	WARN	TLS certificate errors will be ignored for this session
1544747025917	mozrunner::runner	INFO	Running command: "/Applications/Firefox.app/Contents/MacOS/firefox-bin" "-marionette" "-foreground" "-no-remote" "-profile" "/var/folders/cs/xp2w0wks1k58xckkb01hw33c0000gn/T/rust_mozprofile.rvb7QMvdlfi5"
1544747028165	Marionette	INFO	Listening on port 52761
1544747028212	Marionette	WARN	TLS certificate errors will be ignored for this session
JavaScript warning: https://www.googletagmanager.com/gtag/js?id=UA-1975883-17, line 87: unreachable code after return statement
JavaScript warning: https://www.googletagmanager.com/gtag/js?id=UA-1975883-17, line 147: unreachable code after return statement
JavaScript warning: https://www.googletagmanager.com/gtag/js?id=UA-1975883-17, line 147: unreachable code after return statement
JavaScript warning: https://www.googletagmanager.com/gtag/js?id=UA-1975883-17, line 147: unreachable code after return statement
JavaScript warning: https://www.googletagmanager.com/gtag/js?id=UA-1975883-17, line 87: unreachable code after return statement
JavaScript warning: https://www.googletagmanager.com/gtag/js?id=UA-1975883-17, line 147: unreachable code after return statement
1544747072750	Marionette	INFO	Stopped listening on port 51640
1544747074399	Marionette	INFO	Stopped listening on port 52327
1544747076118	Marionette	INFO	Stopped listening on port 52382
1544747078283	Marionette	INFO	Stopped listening on port 52694
1544747080329	Marionette	INFO	Stopped listening on port 52761
1544844286305	mozrunner::runner	INFO	Running command: "/Applications/Firefox.app/Contents/MacOS/firefox-bin" "-marionette" "-foreground" "-no-remote" "-profile" "/var/folders/cs/xp2w0wks1k58xckkb01hw33c0000gn/T/rust_mozprofile.jehauZGFjxWh"
1544844289757	Marionette	INFO	Listening on port 53280
1544844289850	Marionette	WARN	TLS certificate errors will be ignored for this session
1544844290982	mozrunner::runner	INFO	Running command: "/Applications/Firefox.app/Contents/MacOS/firefox-bin" "-marionette" "-foreground" "-no-remote" "-profile" "/var/folders/cs/xp2w0wks1k58xckkb01hw33c0000gn/T/rust_mozprofile.eGOYIugCSdP2"
1544844293246	Marionette	INFO	Listening on port 53338
1544844293272	Marionette	WARN	TLS certificate errors will be ignored for this session
Marionette threw an error: [Exception... "Failure"  nsresult: "0x80004005 (NS_ERROR_FAILURE)"  location: "JS frame :: chrome://marionette/content/driver.js :: GeckoDriver.prototype.maximizeWindow/windowSizeChange/< :: line 3055"  data: no]
GeckoDriver.prototype.maximizeWindow/windowSizeChange/<@chrome://marionette/content/driver.js:3055:9
evalFn@chrome://marionette/content/sync.js:111:7

1544844299803	Marionette	INFO	Stopped listening on port 53280
1544844301327	Marionette	INFO	Stopped listening on port 53338
1544844412243	mozrunner::runner	INFO	Running command: "/Applications/Firefox.app/Contents/MacOS/firefox-bin" "-marionette" "-foreground" "-no-remote" "-profile" "/var/folders/cs/xp2w0wks1k58xckkb01hw33c0000gn/T/rust_mozprofile.PctkiXZEe1Jp"
1544844414406	Marionette	INFO	Listening on port 53385
1544844414507	Marionette	WARN	TLS certificate errors will be ignored for this session
1544844415597	mozrunner::runner	INFO	Running command: "/Applications/Firefox.app/Contents/MacOS/firefox-bin" "-marionette" "-foreground" "-no-remote" "-profile" "/var/folders/cs/xp2w0wks1k58xckkb01hw33c0000gn/T/rust_mozprofile.NfakoMVRdBcF"
1544844417656	Marionette	INFO	Listening on port 53430
1544844417761	Marionette	WARN	TLS certificate errors will be ignored for this session
JavaScript warning: https://www.googletagmanager.com/gtag/js?id=UA-1975883-17, line 87: unreachable code after return statement
JavaScript warning: https://www.googletagmanager.com/gtag/js?id=UA-1975883-17, line 147: unreachable code after return statement
JavaScript warning: https://www.googletagmanager.com/gtag/js?id=UA-1975883-17, line 147: unreachable code after return statement
JavaScript warning: https://www.googletagmanager.com/gtag/js?id=UA-1975883-17, line 147: unreachable code after return statement
JavaScript warning: https://www.googletagmanager.com/gtag/js?id=UA-1975883-17, line 87: unreachable code after return statement
JavaScript warning: https://www.googletagmanager.com/gtag/js?id=UA-1975883-17, line 147: unreachable code after return statement
1544844430447	Marionette	INFO	Stopped listening on port 53430
1544844542229	mozrunner::runner	INFO	Running command: "/Applications/Firefox.app/Contents/MacOS/firefox-bin" "-marionette" "-foreground" "-no-remote" "-profile" "/var/folders/cs/xp2w0wks1k58xckkb01hw33c0000gn/T/rust_mozprofile.ig6JqnrqYJF1"
1544844544419	Marionette	INFO	Listening on port 53529
1544844544520	Marionette	WARN	TLS certificate errors will be ignored for this session
1544844545611	mozrunner::runner	INFO	Running command: "/Applications/Firefox.app/Contents/MacOS/firefox-bin" "-marionette" "-foreground" "-no-remote" "-profile" "/var/folders/cs/xp2w0wks1k58xckkb01hw33c0000gn/T/rust_mozprofile.MumI181dqhoM"
1544844547718	Marionette	INFO	Listening on port 53573
1544844547812	Marionette	WARN	TLS certificate errors will be ignored for this session
JavaScript warning: https://www.googletagmanager.com/gtag/js?id=UA-1975883-17, line 87: unreachable code after return statement
JavaScript warning: https://www.googletagmanager.com/gtag/js?id=UA-1975883-17, line 147: unreachable code after return statement
JavaScript warning: https://www.googletagmanager.com/gtag/js?id=UA-1975883-17, line 147: unreachable code after return statement
JavaScript warning: https://www.googletagmanager.com/gtag/js?id=UA-1975883-17, line 147: unreachable code after return statement
JavaScript warning: https://www.googletagmanager.com/gtag/js?id=UA-1975883-17, line 87: unreachable code after return statement
JavaScript warning: https://www.googletagmanager.com/gtag/js?id=UA-1975883-17, line 147: unreachable code after return statement
1544844559779	Marionette	INFO	Stopped listening on port 53573

###!!! [Parent][MessageChannel] Error: (msgtype=0x160011,name=PBackgroundStorage::Msg_Observe) Channel error: cannot send/recv

console.error: BroadcastService: 
  receivedBroadcastMessage: handler for
  remote-settings/monitor_changes
  threw error:
  Message: Error: Polling for changes failed: NetworkError when attempting to fetch resource..
  Stack:
    remoteSettingsFunction/remoteSettings.pollChanges@resource://services-settings/remote-settings.js:721:13

1544844617716	mozrunner::runner	INFO	Running command: "/Applications/Firefox.app/Contents/MacOS/firefox-bin" "-marionette" "-foreground" "-no-remote" "-profile" "/var/folders/cs/xp2w0wks1k58xckkb01hw33c0000gn/T/rust_mozprofile.6pNiEJQCyzIp"
1544844619996	Marionette	INFO	Listening on port 53669
1544844620109	Marionette	WARN	TLS certificate errors will be ignored for this session
1544844621232	mozrunner::runner	INFO	Running command: "/Applications/Firefox.app/Contents/MacOS/firefox-bin" "-marionette" "-foreground" "-no-remote" "-profile" "/var/folders/cs/xp2w0wks1k58xckkb01hw33c0000gn/T/rust_mozprofile.q44bpuaR9ydL"
1544844623420	Marionette	INFO	Listening on port 53715
1544844623518	Marionette	WARN	TLS certificate errors will be ignored for this session
JavaScript warning: https://www.googletagmanager.com/gtag/js?id=UA-1975883-17, line 87: unreachable code after return statement
JavaScript warning: https://www.googletagmanager.com/gtag/js?id=UA-1975883-17, line 147: unreachable code after return statement
JavaScript warning: https://www.googletagmanager.com/gtag/js?id=UA-1975883-17, line 147: unreachable code after return statement
JavaScript warning: https://www.googletagmanager.com/gtag/js?id=UA-1975883-17, line 147: unreachable code after return statement
JavaScript warning: https://www.googletagmanager.com/gtag/js?id=UA-1975883-17, line 87: unreachable code after return statement
JavaScript warning: https://www.googletagmanager.com/gtag/js?id=UA-1975883-17, line 147: unreachable code after return statement
1544844636200	Marionette	INFO	Stopped listening on port 53715
1544844667210	mozrunner::runner	INFO	Running command: "/Applications/Firefox.app/Contents/MacOS/firefox-bin" "-marionette" "-foreground" "-no-remote" "-profile" "/var/folders/cs/xp2w0wks1k58xckkb01hw33c0000gn/T/rust_mozprofile.PerwRAgsZ1v6"
1544844669478	Marionette	INFO	Listening on port 53802
1544844669496	Marionette	WARN	TLS certificate errors will be ignored for this session
1544844670641	mozrunner::runner	INFO	Running command: "/Applications/Firefox.app/Contents/MacOS/firefox-bin" "-marionette" "-foreground" "-no-remote" "-profile" "/var/folders/cs/xp2w0wks1k58xckkb01hw33c0000gn/T/rust_mozprofile.4Aeveil7Du8p"
1544844672821	Marionette	INFO	Listening on port 53847
1544844672925	Marionette	WARN	TLS certificate errors will be ignored for this session
JavaScript warning: https://www.googletagmanager.com/gtag/js?id=UA-1975883-17, line 87: unreachable code after return statement
JavaScript warning: https://www.googletagmanager.com/gtag/js?id=UA-1975883-17, line 147: unreachable code after return statement
JavaScript warning: https://www.googletagmanager.com/gtag/js?id=UA-1975883-17, line 147: unreachable code after return statement
JavaScript warning: https://www.googletagmanager.com/gtag/js?id=UA-1975883-17, line 147: unreachable code after return statement
JavaScript warning: https://www.googletagmanager.com/gtag/js?id=UA-1975883-17, line 87: unreachable code after return statement
JavaScript warning: https://www.googletagmanager.com/gtag/js?id=UA-1975883-17, line 147: unreachable code after return statement
1544844688067	Marionette	INFO	Stopped listening on port 53847
1544844831623	mozrunner::runner	INFO	Running command: "/Applications/Firefox.app/Contents/MacOS/firefox-bin" "-marionette" "-foreground" "-no-remote" "-profile" "/var/folders/cs/xp2w0wks1k58xckkb01hw33c0000gn/T/rust_mozprofile.tZEJuW9S9Wf1"
1544844833866	Marionette	INFO	Listening on port 53948
1544844833905	Marionette	WARN	TLS certificate errors will be ignored for this session
1544844835002	mozrunner::runner	INFO	Running command: "/Applications/Firefox.app/Contents/MacOS/firefox-bin" "-marionette" "-foreground" "-no-remote" "-profile" "/var/folders/cs/xp2w0wks1k58xckkb01hw33c0000gn/T/rust_mozprofile.eOJjXiXsc4ID"
1544844837132	Marionette	INFO	Listening on port 53992
1544844837187	Marionette	WARN	TLS certificate errors will be ignored for this session
JavaScript warning: https://www.googletagmanager.com/gtag/js?id=UA-1975883-17, line 87: unreachable code after return statement
JavaScript warning: https://www.googletagmanager.com/gtag/js?id=UA-1975883-17, line 147: unreachable code after return statement
JavaScript warning: https://www.googletagmanager.com/gtag/js?id=UA-1975883-17, line 147: unreachable code after return statement
JavaScript warning: https://www.googletagmanager.com/gtag/js?id=UA-1975883-17, line 147: unreachable code after return statement
JavaScript warning: https://www.googletagmanager.com/gtag/js?id=UA-1975883-17, line 87: unreachable code after return statement
JavaScript warning: https://www.googletagmanager.com/gtag/js?id=UA-1975883-17, line 147: unreachable code after return statement
1544844850169	Marionette	INFO	Stopped listening on port 53992
console.error: BroadcastService: 
  receivedBroadcastMessage: handler for
  remote-settings/monitor_changes
  threw error:
  Message: Error: Polling for changes failed: NetworkError when attempting to fetch resource..
  Stack:
    remoteSettingsFunction/remoteSettings.pollChanges@resource://services-settings/remote-settings.js:721:13

console.error: BroadcastService: 
  receivedBroadcastMessage: handler for
  remote-settings/monitor_changes
  threw error:
  Message: Error: Polling for changes failed: NetworkError when attempting to fetch resource..
  Stack:
    remoteSettingsFunction/remoteSettings.pollChanges@resource://services-settings/remote-settings.js:721:13

console.error: BroadcastService: 
  receivedBroadcastMessage: handler for
  remote-settings/monitor_changes
  threw error:
  Message: Error: Polling for changes failed: NetworkError when attempting to fetch resource..
  Stack:
    remoteSettingsFunction/remoteSettings.pollChanges@resource://services-settings/remote-settings.js:721:13

console.error: BroadcastService: 
  receivedBroadcastMessage: handler for
  remote-settings/monitor_changes
  threw error:
  Message: Error: Polling for changes failed: NetworkError when attempting to fetch resource..
  Stack:
    remoteSettingsFunction/remoteSettings.pollChanges@resource://services-settings/remote-settings.js:721:13

1544844934037	Marionette	INFO	Stopped listening on port 53385
1544844936782	Marionette	INFO	Stopped listening on port 53529
1544844938911	Marionette	INFO	Stopped listening on port 53669
1544844941449	Marionette	INFO	Stopped listening on port 53948
1544844943582	Marionette	INFO	Stopped listening on port 53802
